#
# There is insufficient memory for the Java Runtime Environment to continue.
# Native memory allocation (mmap) failed to map 266338304 bytes for Failed to commit area from 0x0000000703600000 to 0x0000000713400000 of length 266338304.
# Possible reasons:
#   The system is out of physical RAM or swap space
#   The process is running with CompressedOops enabled, and the Java Heap may be blocking the growth of the native heap
# Possible solutions:
#   Reduce memory load on the system
#   Increase physical memory or swap space
#   Check if swap backing store is full
#   Decrease Java heap size (-Xmx/-Xms)
#   Decrease number of Java threads
#   Decrease Java thread stack sizes (-Xss)
#   Set larger code cache with -XX:ReservedCodeCacheSize=
# This output file may be truncated or incomplete.
#
#  Out of Memory Error (./src/hotspot/os/windows/os_windows.cpp:3386), pid=17988, tid=5756
#
# JRE version:  (11.0.16+8) (build )
# Java VM: OpenJDK 64-Bit Server VM (11.0.16+8, mixed mode, sharing, tiered, compressed oops, g1 gc, windows-amd64)
# No core dump will be written. Minidumps are not enabled by default on client versions of Windows
#

---------------  S U M M A R Y ------------

Command Line: Assignment1_65050492_65050579

Host: 11th Gen Intel(R) Core(TM) i9-11900H @ 2.50GHz, 16 cores, 15G,  Windows 11 , 64 bit Build 22621 (10.0.22621.2506)
Time: Wed Feb  7 00:59:07 2024 SE Asia Standard Time elapsed time: 0.008924 seconds (0d 0h 0m 0s)

---------------  T H R E A D  ---------------

Current thread (0x000001eb9aa5d000):  JavaThread "Unknown thread" [_thread_in_vm, id=5756, stack(0x00000085e4500000,0x00000085e4600000)]

Stack: [0x00000085e4500000,0x00000085e4600000]
Native frames: (J=compiled Java code, j=interpreted, Vv=VM code, C=native code)
V  [jvm.dll+0x61f1da]
V  [jvm.dll+0x7abc69]
V  [jvm.dll+0x7ad358]
V  [jvm.dll+0x7ada33]
V  [jvm.dll+0x24fb08]
V  [jvm.dll+0x61c4ea]
V  [jvm.dll+0x610c95]
V  [jvm.dll+0x307a2c]
V  [jvm.dll+0x3078b2]
V  [jvm.dll+0x30c5c6]
V  [jvm.dll+0x352b8f]
V  [jvm.dll+0x3525c0]
V  [jvm.dll+0x2e4a28]
V  [jvm.dll+0x2e5b86]
V  [jvm.dll+0x785ab7]
V  [jvm.dll+0x78723f]
V  [jvm.dll+0x35f8d9]
V  [jvm.dll+0x768950]
V  [jvm.dll+0x3cd3ff]
V  [jvm.dll+0x3cf791]
C  [jli.dll+0x5207]
C  [ucrtbase.dll+0x29363]
C  [KERNEL32.DLL+0x1257d]
C  [ntdll.dll+0x5aa58]


---------------  P R O C E S S  ---------------

Threads class SMR info:
_java_thread_list=0x000001eb98834f30, length=0, elements={
}

Java Threads: ( => current thread )

Other Threads:
  0x000001eb9aa77800 GCTaskThread "GC Thread#0" [stack: 0x00000085e4600000,0x00000085e4700000] [id=9840]
  0x000001eb9aad6800 ConcurrentGCThread "G1 Main Marker" [stack: 0x00000085e4700000,0x00000085e4800000] [id=15100]
  0x000001eb9aad9000 ConcurrentGCThread "G1 Conc#0" [stack: 0x00000085e4800000,0x00000085e4900000] [id=22828]

[error occurred during error reporting (printing all threads), id 0xc0000005, EXCEPTION_ACCESS_VIOLATION (0xc0000005) at pc=0x00007ff9264441f7]

VM state:not at safepoint (not fully initialized)

VM Mutex/Monitor currently owned by a thread:  ([mutex/lock_event])
[0x000001eb9aa59030] Heap_lock - owner thread: 0x000001eb9aa5d000

Heap address: 0x0000000703600000, size: 4042 MB, Compressed Oops mode: Non-zero based: 0x0000000703600000
Narrow klass base: 0x0000000000000000, Narrow klass shift: 0

GC Heap History (0 events):
No events

Deoptimization events (0 events):
No events

Classes redefined (0 events):
No events

Internal exceptions (0 events):
No events

Events (1 events):
Event: 0.006 Loaded shared library C:\Program Files\Eclipse Adoptium\jdk-11.0.16.8-hotspot\bin\zip.dll


Dynamic libraries:
0x00007ff61d930000 - 0x00007ff61d93d000 	C:\Program Files\Eclipse Adoptium\jdk-11.0.16.8-hotspot\bin\java.exe
0x00007ff9d2f10000 - 0x00007ff9d3127000 	C:\WINDOWS\SYSTEM32\ntdll.dll
0x00007ff9d2380000 - 0x00007ff9d2444000 	C:\WINDOWS\System32\KERNEL32.DLL
0x00007ff9d0250000 - 0x00007ff9d05f6000 	C:\WINDOWS\System32\KERNELBASE.dll
0x00007ff9d08c0000 - 0x00007ff9d09d1000 	C:\WINDOWS\System32\ucrtbase.dll
0x00007ff9bd4a0000 - 0x00007ff9bd4b7000 	C:\Program Files\Eclipse Adoptium\jdk-11.0.16.8-hotspot\bin\jli.dll
0x00007ff9bd590000 - 0x00007ff9bd5a5000 	C:\Program Files\Eclipse Adoptium\jdk-11.0.16.8-hotspot\bin\VCRUNTIME140.dll
0x00007ff9d2060000 - 0x00007ff9d220e000 	C:\WINDOWS\System32\USER32.dll
0x00007ff9d0b00000 - 0x00007ff9d0b26000 	C:\WINDOWS\System32\win32u.dll
0x00007ff9b0da0000 - 0x00007ff9b1033000 	C:\WINDOWS\WinSxS\amd64_microsoft.windows.common-controls_6595b64144ccf1df_6.0.22621.2506_none_270c5ae97388e100\COMCTL32.dll
0x00007ff9d2ea0000 - 0x00007ff9d2ec9000 	C:\WINDOWS\System32\GDI32.dll
0x00007ff9d09e0000 - 0x00007ff9d0af8000 	C:\WINDOWS\System32\gdi32full.dll
0x00007ff9d11e0000 - 0x00007ff9d1287000 	C:\WINDOWS\System32\msvcrt.dll
0x00007ff9d07f0000 - 0x00007ff9d088a000 	C:\WINDOWS\System32\msvcp_win.dll
0x00007ff9d2630000 - 0x00007ff9d2661000 	C:\WINDOWS\System32\IMM32.DLL
0x00007ff980510000 - 0x00007ff9805ab000 	C:\Program Files\Eclipse Adoptium\jdk-11.0.16.8-hotspot\bin\msvcp140.dll
0x00007ff926150000 - 0x00007ff926cd2000 	C:\Program Files\Eclipse Adoptium\jdk-11.0.16.8-hotspot\bin\server\jvm.dll
0x00007ff9d2570000 - 0x00007ff9d2623000 	C:\WINDOWS\System32\ADVAPI32.dll
0x00007ff9d1030000 - 0x00007ff9d10d8000 	C:\WINDOWS\System32\sechost.dll
0x00007ff9d0890000 - 0x00007ff9d08b8000 	C:\WINDOWS\System32\bcrypt.dll
0x00007ff9d2450000 - 0x00007ff9d2567000 	C:\WINDOWS\System32\RPCRT4.dll
0x00007ff9d2bd0000 - 0x00007ff9d2bd8000 	C:\WINDOWS\System32\PSAPI.DLL
0x00007ff9421a0000 - 0x00007ff9421a9000 	C:\WINDOWS\SYSTEM32\WSOCK32.dll
0x00007ff9c5ef0000 - 0x00007ff9c5efa000 	C:\WINDOWS\SYSTEM32\VERSION.dll
0x00007ff9c5c80000 - 0x00007ff9c5cb4000 	C:\WINDOWS\SYSTEM32\WINMM.dll
0x00007ff9d1b50000 - 0x00007ff9d1bc1000 	C:\WINDOWS\System32\WS2_32.dll
0x00007ff9cf290000 - 0x00007ff9cf2a8000 	C:\WINDOWS\SYSTEM32\kernel.appcore.dll
0x00007ff9bd580000 - 0x00007ff9bd590000 	C:\Program Files\Eclipse Adoptium\jdk-11.0.16.8-hotspot\bin\verify.dll
0x00007ff9cdb60000 - 0x00007ff9cdd93000 	C:\WINDOWS\SYSTEM32\DBGHELP.DLL
0x00007ff9d1bd0000 - 0x00007ff9d1f59000 	C:\WINDOWS\System32\combase.dll
0x00007ff9d0e00000 - 0x00007ff9d0ed7000 	C:\WINDOWS\System32\OLEAUT32.dll
0x00007ff9a35e0000 - 0x00007ff9a3612000 	C:\WINDOWS\SYSTEM32\dbgcore.DLL
0x00007ff9d0770000 - 0x00007ff9d07ea000 	C:\WINDOWS\System32\bcryptPrimitives.dll
0x00007ff9bcd60000 - 0x00007ff9bcd88000 	C:\Program Files\Eclipse Adoptium\jdk-11.0.16.8-hotspot\bin\java.dll
0x00007ff9bd430000 - 0x00007ff9bd43a000 	C:\Program Files\Eclipse Adoptium\jdk-11.0.16.8-hotspot\bin\jimage.dll
0x00007ff9bd040000 - 0x00007ff9bd058000 	C:\Program Files\Eclipse Adoptium\jdk-11.0.16.8-hotspot\bin\zip.dll

dbghelp: loaded successfully - version: 4.0.5 - missing functions: none
symbol engine: initialized successfully - sym options: 0x614 - pdb path: .;C:\Program Files\Eclipse Adoptium\jdk-11.0.16.8-hotspot\bin;C:\WINDOWS\SYSTEM32;C:\WINDOWS\WinSxS\amd64_microsoft.windows.common-controls_6595b64144ccf1df_6.0.22621.2506_none_270c5ae97388e100;C:\Program Files\Eclipse Adoptium\jdk-11.0.16.8-hotspot\bin\server

VM Arguments:
java_command: Assignment1_65050492_65050579
java_class_path (initial): C:\Users\acer\AppData\Roaming\Code\User\workspaceStorage\08acafeebf1ea34233c5ff8a00cd2ceb\redhat.java\jdt_ws\work_84b0057\bin
Launcher Type: SUN_STANDARD

[Global flags]
     intx CICompilerCount                          = 12                                        {product} {ergonomic}
     uint ConcGCThreads                            = 3                                         {product} {ergonomic}
     uint G1ConcRefinementThreads                  = 13                                        {product} {ergonomic}
   size_t G1HeapRegionSize                         = 1048576                                   {product} {ergonomic}
    uintx GCDrainStackTargetSize                   = 64                                        {product} {ergonomic}
   size_t InitialHeapSize                          = 266338304                                 {product} {ergonomic}
   size_t MarkStackSize                            = 4194304                                   {product} {ergonomic}
   size_t MaxHeapSize                              = 4238344192                                {product} {ergonomic}
   size_t MinHeapDeltaBytes                        = 1048576                                   {product} {ergonomic}
    uintx NonNMethodCodeHeapSize                   = 7594288                                {pd product} {ergonomic}
    uintx NonProfiledCodeHeapSize                  = 122031976                              {pd product} {ergonomic}
    uintx ProfiledCodeHeapSize                     = 122031976                              {pd product} {ergonomic}
    uintx ReservedCodeCacheSize                    = 251658240                              {pd product} {ergonomic}
     bool SegmentedCodeCache                       = true                                      {product} {ergonomic}
     bool UseCompressedClassPointers               = true                                 {lp64_product} {ergonomic}
     bool UseCompressedOops                        = true                                 {lp64_product} {ergonomic}
     bool UseG1GC                                  = true                                      {product} {ergonomic}
     bool UseLargePagesIndividualAllocation        = false                                  {pd product} {ergonomic}

Logging:
Log output configuration:
 #0: stdout all=warning uptime,level,tags
 #1: stderr all=off uptime,level,tags

Environment Variables:
PATH=C:\Python311\Scripts\;C:\Python311\;C:\Program Files\Eclipse Adoptium\jdk-11.0.16.8-hotspot\bin;C:\Windows\system32;C:\Windows;C:\Windows\System32\Wbem;C:\Windows\System32\WindowsPowerShell\v1.0\;C:\Windows\System32\OpenSSH\;C:\Program Files (x86)\NVIDIA Corporation\PhysX\Common;C:\Program Files\NVIDIA Corporation\NVIDIA NvDLISR;C:\WINDOWS\system32;C:\WINDOWS;C:\WINDOWS\System32\Wbem;C:\WINDOWS\System32\WindowsPowerShell\v1.0\;C:\WINDOWS\System32\OpenSSH\;C:\ProgramData\chocolatey\bin;C:\Program Files\nodejs\;C:\Program Files\Git\cmd;C:\Program Files\Docker\Docker\resources\bin;C:\Users\acer\AppData\Local\Microsoft\WindowsApps;C:\Users\acer\AppData\Local\Programs\Microsoft VS Code\bin;C:\Users\acer\AppData\Local\Programs\Azure Data Studio\bin;C:\Users\acer\AppData\Roaming\npm
USERNAME=acer
LANG=en_US.UTF-8
OS=Windows_NT
PROCESSOR_IDENTIFIER=Intel64 Family 6 Model 141 Stepping 1, GenuineIntel
TMP=C:\Users\acer\AppData\Local\Temp
TEMP=C:\Users\acer\AppData\Local\Temp



---------------  S Y S T E M  ---------------

OS: Windows 11 , 64 bit Build 22621 (10.0.22621.2506)
OS uptime: 0 days 5:17 hours
Hyper-V role detected

CPU:total 16 (initial active 16) (8 cores per cpu, 2 threads per core) family 6 model 141 stepping 1 microcode 0x3c, cmov, cx8, fxsr, mmx, sse, sse2, sse3, ssse3, sse4.1, sse4.2, popcnt, avx, avx2, aes, clmul, erms, 3dnowpref, lzcnt, ht, tsc, tscinvbit, bmi1, bmi2, adx, evex, sha, fma

Memory: 4k page, system-wide physical 16163M (4222M free)
TotalPageFile size 18211M (AvailPageFile size 143M)
current process WorkingSet (physical memory assigned to process): 11M, peak: 11M
current process commit charge ("private bytes"): 71M, peak: 325M

vm_info: OpenJDK 64-Bit Server VM (11.0.16+8) for windows-amd64 JRE (11.0.16+8), built on Jul 20 2022 07:15:32 by "" with MS VC++ 15.9 (VS2017)

END.
